2017-11-22 09:55:36,922 - pynamics.system - INFO - solving a = f/m and creating function
2017-11-22 09:55:37,047 - pynamics.system - INFO - done solving a = f/m and creating function
2017-11-22 09:55:37,047 - pynamics.integration - INFO - beginning integration
2017-11-22 09:55:37,047 - pynamics.system - INFO - integration at time0.0
2017-11-22 09:55:37,219 - pynamics.integration - INFO - finished integration
2017-11-22 09:55:40,076 - pynamics.system - INFO - solving a = f/m and creating function
2017-11-22 09:55:40,217 - pynamics.system - INFO - done solving a = f/m and creating function
2017-11-22 09:55:40,217 - pynamics.integration - INFO - beginning integration
2017-11-22 09:55:40,217 - pynamics.system - INFO - integration at time0.0
2017-11-22 09:55:40,389 - pynamics.integration - INFO - finished integration
2017-11-22 09:55:42,423 - pynamics.system - INFO - solving a = f/m and creating function
2017-11-22 09:55:42,562 - pynamics.system - INFO - done solving a = f/m and creating function
2017-11-22 09:55:42,562 - pynamics.integration - INFO - beginning integration
2017-11-22 09:55:42,562 - pynamics.system - INFO - integration at time0.0
2017-11-22 09:55:42,734 - pynamics.integration - INFO - finished integration
2017-11-22 09:56:46,091 - pynamics.system - INFO - solving a = f/m and creating function
2017-11-22 09:56:46,247 - pynamics.system - INFO - done solving a = f/m and creating function
2017-11-22 09:56:46,247 - pynamics.integration - INFO - beginning integration
2017-11-22 09:58:13,974 - pynamics.system - INFO - solving a = f/m and creating function
2017-11-22 09:58:14,146 - pynamics.system - INFO - done solving a = f/m and creating function
2017-11-22 09:58:14,146 - pynamics.integration - INFO - beginning integration
2017-11-22 09:58:14,146 - pynamics.system - INFO - integration at time 0.000000
2017-11-22 09:58:14,334 - pynamics.integration - INFO - finished integration
2017-11-22 09:58:47,662 - pynamics.system - INFO - solving a = f/m and creating function
2017-11-22 09:58:47,818 - pynamics.system - INFO - done solving a = f/m and creating function
2017-11-22 09:58:47,818 - pynamics.integration - INFO - beginning integration
2017-11-22 09:58:47,818 - pynamics.system - INFO - integration at time 0000.00
2017-11-22 09:58:47,997 - pynamics.integration - INFO - finished integration
2017-11-22 09:59:57,608 - pynamics.system - INFO - solving a = f/m and creating function
2017-11-22 09:59:57,780 - pynamics.system - INFO - done solving a = f/m and creating function
2017-11-22 09:59:57,780 - pynamics.integration - INFO - beginning integration
2017-11-22 09:59:57,780 - pynamics.system - INFO - integration at time 0000.00
2017-11-22 09:59:57,952 - pynamics.integration - INFO - finished integration
2017-11-22 10:00:02,620 - pynamics.system - INFO - solving a = f/m and creating function
2017-11-22 10:00:02,792 - pynamics.system - INFO - done solving a = f/m and creating function
2017-11-22 10:00:02,792 - pynamics.integration - INFO - beginning integration
2017-11-22 10:00:02,792 - pynamics.system - INFO - integration at time 0000.00
2017-11-22 10:00:02,964 - pynamics.integration - INFO - finished integration
2017-11-22 10:03:19,060 - pynamics.integration - INFO - beginning integration
2017-11-22 10:03:19,232 - pynamics.integration - INFO - finished integration
2017-11-22 10:03:19,232 - pynamics.output - INFO - calculating outputs
2017-11-22 10:03:19,232 - pynamics.output - INFO - done calculating outputs
2017-11-22 10:03:19,295 - pynamics.output - INFO - calculating outputs
2017-11-22 10:03:19,295 - pynamics.output - INFO - done calculating outputs
2017-11-22 10:10:02,187 - pynamics.system - INFO - solving a = f/m and creating function
2017-11-22 10:10:04,505 - pynamics.system - INFO - done solving a = f/m and creating function
2017-11-22 10:10:04,505 - pynamics.integration - INFO - beginning integration
2017-11-22 10:10:04,505 - pynamics.system - INFO - integration at time 0000.00
2017-11-22 10:10:05,442 - pynamics.system - INFO - integration at time 0000.27
2017-11-22 10:10:06,239 - pynamics.system - INFO - integration at time 0000.50
2017-11-22 10:10:07,024 - pynamics.system - INFO - integration at time 0000.89
2017-11-22 10:10:07,833 - pynamics.system - INFO - integration at time 0001.31
2017-11-22 10:10:08,599 - pynamics.system - INFO - integration at time 0001.74
2017-11-22 10:10:09,388 - pynamics.system - INFO - integration at time 0002.04
2017-11-22 10:10:10,180 - pynamics.system - INFO - integration at time 0002.29
2017-11-22 10:10:10,970 - pynamics.system - INFO - integration at time 0002.56
2017-11-22 10:10:11,783 - pynamics.system - INFO - integration at time 0002.88
2017-11-22 10:10:12,564 - pynamics.system - INFO - integration at time 0003.20
2017-11-22 10:10:13,347 - pynamics.system - INFO - integration at time 0003.74
2017-11-22 10:10:14,141 - pynamics.system - INFO - integration at time 0004.32
2017-11-22 10:10:14,953 - pynamics.system - INFO - integration at time 0004.86
2017-11-22 10:10:15,734 - pynamics.system - INFO - integration at time 0005.38
2017-11-22 10:10:16,516 - pynamics.system - INFO - integration at time 0005.93
2017-11-22 10:10:17,297 - pynamics.system - INFO - integration at time 0006.42
2017-11-22 10:10:18,094 - pynamics.system - INFO - integration at time 0006.92
2017-11-22 10:10:18,907 - pynamics.system - INFO - integration at time 0007.43
2017-11-22 10:10:19,688 - pynamics.system - INFO - integration at time 0007.94
2017-11-22 10:10:20,497 - pynamics.system - INFO - integration at time 0008.45
2017-11-22 10:10:21,278 - pynamics.system - INFO - integration at time 0008.96
2017-11-22 10:10:22,060 - pynamics.system - INFO - integration at time 0009.52
2017-11-22 10:10:22,685 - pynamics.integration - INFO - finished integration
2017-11-22 10:10:23,013 - pynamics.output - INFO - calculating outputs
2017-11-22 10:10:34,263 - pynamics.output - INFO - done calculating outputs
2017-11-22 10:10:35,248 - pynamics.output - INFO - calculating outputs
2017-11-22 10:10:35,295 - pynamics.output - INFO - done calculating outputs
2017-11-22 10:10:35,373 - pynamics.system - INFO - solving a = f/m and creating function
2017-11-22 10:10:37,623 - pynamics.system - INFO - done solving a = f/m and creating function
2017-11-22 10:10:37,623 - pynamics.integration - INFO - beginning integration
2017-11-22 10:10:37,623 - pynamics.system - INFO - integration at time 0000.00
2017-11-22 10:10:38,369 - pynamics.system - INFO - integration at time 0000.54
2017-11-22 10:10:39,150 - pynamics.system - INFO - integration at time 0001.06
2017-11-22 10:10:39,885 - pynamics.system - INFO - integration at time 0001.48
2017-11-22 10:10:40,661 - pynamics.system - INFO - integration at time 0001.94
2017-11-22 10:10:41,397 - pynamics.system - INFO - integration at time 0002.36
2017-11-22 10:10:42,132 - pynamics.system - INFO - integration at time 0003.06
2017-11-22 10:10:42,887 - pynamics.system - INFO - integration at time 0003.76
2017-11-22 10:10:43,680 - pynamics.system - INFO - integration at time 0004.41
2017-11-22 10:10:44,446 - pynamics.system - INFO - integration at time 0005.20
2017-11-22 10:10:45,164 - pynamics.system - INFO - integration at time 0005.52
2017-11-22 10:10:45,914 - pynamics.system - INFO - integration at time 0005.85
2017-11-22 10:10:46,649 - pynamics.system - INFO - integration at time 0006.28
2017-11-22 10:10:47,399 - pynamics.system - INFO - integration at time 0006.80
2017-11-22 10:10:48,133 - pynamics.system - INFO - integration at time 0007.70
2017-11-22 10:10:48,868 - pynamics.system - INFO - integration at time 0008.54
2017-11-22 10:10:49,649 - pynamics.system - INFO - integration at time 0009.46
2017-11-22 10:10:50,118 - pynamics.integration - INFO - finished integration
2017-11-22 10:10:50,118 - pynamics.output - INFO - calculating outputs
2017-11-22 10:10:50,118 - pynamics.output - INFO - done calculating outputs
2017-11-22 10:10:50,305 - pynamics.output - INFO - calculating outputs
2017-11-22 10:10:53,787 - pynamics.output - INFO - done calculating outputs
2017-11-22 10:10:54,146 - pynamics.output - INFO - calculating outputs
2017-11-22 10:10:54,146 - pynamics.output - INFO - done calculating outputs
2017-11-22 10:25:54,809 - pynamics.system - INFO - getting dynamic equations
2017-11-22 10:25:54,887 - pynamics.system - INFO - solving a = f/m and creating function
2017-11-22 10:25:54,918 - pynamics.system - INFO - done solving a = f/m and creating function
2017-11-22 10:25:54,918 - pynamics.integration - INFO - beginning integration
2017-11-22 10:25:54,918 - pynamics.system - INFO - integration at time 0000.00
2017-11-22 10:25:55,075 - pynamics.system - INFO - integration at time 0002.30
2017-11-22 10:25:55,215 - pynamics.system - INFO - integration at time 0004.24
2017-11-22 10:25:55,371 - pynamics.system - INFO - integration at time 0006.25
2017-11-22 10:25:55,512 - pynamics.system - INFO - integration at time 0007.79
2017-11-22 10:25:55,668 - pynamics.system - INFO - integration at time 0009.75
2017-11-22 10:25:55,684 - pynamics.integration - INFO - finished integration
2017-11-22 10:25:55,700 - pynamics.output - INFO - calculating outputs
2017-11-22 10:25:55,840 - pynamics.output - INFO - done calculating outputs
2017-11-22 10:27:59,681 - pynamics.system - INFO - getting dynamic equations
2017-11-22 10:28:00,165 - pynamics.system - INFO - solving a = f/m and creating function
2017-11-22 10:28:09,691 - pynamics.system - INFO - getting dynamic equations
2017-11-22 10:28:09,706 - pynamics.system - INFO - solving a = f/m and creating function
2017-11-22 10:28:09,722 - pynamics.system - INFO - done solving a = f/m and creating function
2017-11-22 10:28:09,722 - pynamics.integration - INFO - beginning integration
2017-11-22 10:28:09,737 - pynamics.system - INFO - integration at time 0000.00
2017-11-22 10:28:09,862 - pynamics.system - INFO - integration at time 0001.66
2017-11-22 10:28:10,003 - pynamics.system - INFO - integration at time 0003.05
2017-11-22 10:28:10,128 - pynamics.system - INFO - integration at time 0004.05
2017-11-22 10:28:10,269 - pynamics.system - INFO - integration at time 0004.46
2017-11-22 10:28:10,394 - pynamics.system - INFO - integration at time 0004.88
2017-11-22 10:28:10,519 - pynamics.system - INFO - integration at time 0005.31
2017-11-22 10:28:10,659 - pynamics.system - INFO - integration at time 0005.73
2017-11-22 10:28:10,784 - pynamics.system - INFO - integration at time 0006.15
2017-11-22 10:28:10,925 - pynamics.system - INFO - integration at time 0006.58
2017-11-22 10:28:11,067 - pynamics.system - INFO - integration at time 0007.01
2017-11-22 10:28:11,192 - pynamics.system - INFO - integration at time 0007.43
2017-11-22 10:28:11,333 - pynamics.system - INFO - integration at time 0007.85
2017-11-22 10:28:11,458 - pynamics.system - INFO - integration at time 0008.28
2017-11-22 10:28:11,583 - pynamics.system - INFO - integration at time 0008.71
2017-11-22 10:28:11,723 - pynamics.system - INFO - integration at time 0009.11
2017-11-22 10:28:11,848 - pynamics.system - INFO - integration at time 0009.54
2017-11-22 10:28:11,982 - pynamics.system - INFO - integration at time 0009.98
2017-11-22 10:28:11,982 - pynamics.integration - INFO - finished integration
2017-11-22 10:28:11,998 - pynamics.output - INFO - calculating outputs
2017-11-22 10:28:12,076 - pynamics.output - INFO - done calculating outputs
2017-11-22 10:28:32,566 - pynamics.system - INFO - getting dynamic equations
2017-11-22 10:28:32,597 - pynamics.system - INFO - solving a = f/m and creating function
2017-11-22 10:28:32,613 - pynamics.system - INFO - done solving a = f/m and creating function
2017-11-22 10:28:32,613 - pynamics.integration - INFO - beginning integration
2017-11-22 10:28:32,613 - pynamics.system - INFO - integration at time 0000.00
2017-11-22 10:28:32,785 - pynamics.system - INFO - integration at time 0000.76
2017-11-22 10:28:32,910 - pynamics.system - INFO - integration at time 0001.18
2017-11-22 10:28:33,050 - pynamics.system - INFO - integration at time 0001.59
2017-11-22 10:28:33,175 - pynamics.system - INFO - integration at time 0002.03
2017-11-22 10:28:33,300 - pynamics.system - INFO - integration at time 0002.45
2017-11-22 10:28:33,425 - pynamics.system - INFO - integration at time 0002.87
2017-11-22 10:28:33,566 - pynamics.system - INFO - integration at time 0003.30
2017-11-22 10:28:33,691 - pynamics.system - INFO - integration at time 0003.74
2017-11-22 10:28:33,816 - pynamics.system - INFO - integration at time 0004.17
2017-11-22 10:28:33,957 - pynamics.system - INFO - integration at time 0004.60
2017-11-22 10:28:34,082 - pynamics.system - INFO - integration at time 0005.03
2017-11-22 10:28:34,211 - pynamics.system - INFO - integration at time 0005.46
2017-11-22 10:28:34,336 - pynamics.system - INFO - integration at time 0005.88
2017-11-22 10:28:34,463 - pynamics.system - INFO - integration at time 0006.30
2017-11-22 10:28:34,604 - pynamics.system - INFO - integration at time 0006.73
2017-11-22 10:28:34,745 - pynamics.system - INFO - integration at time 0007.16
2017-11-22 10:28:34,901 - pynamics.system - INFO - integration at time 0007.58
2017-11-22 10:28:35,057 - pynamics.system - INFO - integration at time 0008.01
2017-11-22 10:28:35,214 - pynamics.system - INFO - integration at time 0008.44
2017-11-22 10:28:35,339 - pynamics.system - INFO - integration at time 0008.85
2017-11-22 10:28:35,474 - pynamics.system - INFO - integration at time 0009.27
2017-11-22 10:28:35,602 - pynamics.system - INFO - integration at time 0009.71
2017-11-22 10:28:35,680 - pynamics.integration - INFO - finished integration
2017-11-22 10:28:35,696 - pynamics.output - INFO - calculating outputs
2017-11-22 10:28:35,789 - pynamics.output - INFO - done calculating outputs
